2017-09-05 22:37:44,463 [WARN] from org.hibernate.validator.messageinterpolation.ParameterMessageInterpolator in play-dev-mode-akka.actor.default-dispatcher-4 - HV000184: ParameterMessageInterpolator has been chosen, EL interpolation will not be supported
2017-09-05 22:37:45,392 [INFO] from play.api.http.EnabledFilters in play-dev-mode-akka.actor.default-dispatcher-4 - Enabled Filters (see <https://www.playframework.com/documentation/latest/Filters>):

    play.filters.csrf.CSRFFilter
    play.filters.headers.SecurityHeadersFilter
    play.filters.hosts.AllowedHostsFilter

2017-09-05 22:37:45,443 [INFO] from play.api.Play in play-dev-mode-akka.actor.default-dispatcher-4 - Application started (Dev)
2017-09-05 22:37:46,622 [WARN] from play.api.mvc.DefaultJWTCookieDataCodec in play-dev-mode-akka.actor.default-dispatcher-4 - decode: cookie has invalid signature! message = JWT signature does not match locally computed signature. JWT validity cannot be asserted and should not be trusted.
2017-09-05 22:37:46,626 [INFO] from play.api.mvc.DefaultJWTCookieDataCodec in play-dev-mode-akka.actor.default-dispatcher-4 - The JWT signature in the cookie does not match the locally computed signature with the server.
This usually indicates the browser has a leftover cookie from another Play application,
so clearing cookies may resolve this error message.
2017-09-05 22:37:48,679 [WARN] from play.api.mvc.DefaultJWTCookieDataCodec in play-dev-mode-akka.actor.default-dispatcher-4 - decode: cookie has invalid signature! message = JWT signature does not match locally computed signature. JWT validity cannot be asserted and should not be trusted.
2017-09-05 22:37:48,679 [WARN] from play.api.mvc.DefaultJWTCookieDataCodec in play-dev-mode-akka.actor.default-dispatcher-13 - decode: cookie has invalid signature! message = JWT signature does not match locally computed signature. JWT validity cannot be asserted and should not be trusted.
2017-09-05 22:37:48,679 [INFO] from play.api.mvc.DefaultJWTCookieDataCodec in play-dev-mode-akka.actor.default-dispatcher-4 - The JWT signature in the cookie does not match the locally computed signature with the server.
This usually indicates the browser has a leftover cookie from another Play application,
so clearing cookies may resolve this error message.
2017-09-05 22:37:48,679 [INFO] from play.api.mvc.DefaultJWTCookieDataCodec in play-dev-mode-akka.actor.default-dispatcher-13 - The JWT signature in the cookie does not match the locally computed signature with the server.
This usually indicates the browser has a leftover cookie from another Play application,
so clearing cookies may resolve this error message.
2017-09-05 22:37:51,355 [WARN] from play.api.mvc.DefaultJWTCookieDataCodec in play-dev-mode-akka.actor.default-dispatcher-16 - decode: cookie has invalid signature! message = JWT signature does not match locally computed signature. JWT validity cannot be asserted and should not be trusted.
2017-09-05 22:37:51,356 [INFO] from play.api.mvc.DefaultJWTCookieDataCodec in play-dev-mode-akka.actor.default-dispatcher-16 - The JWT signature in the cookie does not match the locally computed signature with the server.
This usually indicates the browser has a leftover cookie from another Play application,
so clearing cookies may resolve this error message.
2017-09-05 22:38:26,254 [WARN] from play.filters.CSRF in play-dev-mode-akka.actor.default-dispatcher-14 - [CSRF] Check failed because no or invalid token found in body for /
2017-09-05 22:38:26,265 [WARN] from play.filters.CSRF in play-dev-mode-akka.actor.default-dispatcher-14 - [CSRF] Check failed with NoTokenInBody for /
2017-09-05 22:38:59,660 [WARN] from play.filters.CSRF in play-dev-mode-akka.actor.default-dispatcher-15 - [CSRF] Check failed because no or invalid token found in body for /
2017-09-05 22:38:59,660 [WARN] from play.filters.CSRF in play-dev-mode-akka.actor.default-dispatcher-15 - [CSRF] Check failed with NoTokenInBody for /
2017-09-05 22:40:36,832 [WARN] from play.filters.CSRF in play-dev-mode-akka.actor.default-dispatcher-26 - [CSRF] Check failed because no or invalid token found in body for /
2017-09-05 22:40:36,833 [WARN] from play.filters.CSRF in play-dev-mode-akka.actor.default-dispatcher-26 - [CSRF] Check failed with NoTokenInBody for /
